<?xml version="1.0" encoding="UTF-8"?>
<!-- Generated by org.testng.reporters.JUnitReportReporter -->
<testsuite hostname="Athira-PC" failures="0" tests="3" name="pom.pom_method" time="5.375" errors="0" timestamp="2024-10-24T19:15:58 BST" skipped="0">
  <testcase classname="pom.pom_method" name="openbrowser" time="5.157"/>
  <testcase classname="pom.pom_method" name="selectt" time="0.148"/>
  <testcase classname="pom.pom_method" name="user" time="0.070"/>
</testsuite> <!-- pom.pom_method -->
