<?xml version="1.0" encoding="UTF-8"?>
<!-- Generated by org.testng.reporters.JUnitReportReporter -->
<testsuite hostname="Athira-PC" failures="0" tests="2" name="testing.testNG" time="0.015" errors="0" timestamp="2024-10-21T11:56:34 BST" skipped="0">
  <testcase classname="testing.testNG" name="header" time="0.014"/>
  <testcase classname="testing.testNG" name="footer" time="0.001"/>
</testsuite> <!-- testing.testNG -->
