<?xml version="1.0" encoding="UTF-8"?>
<!-- Generated by org.testng.reporters.JUnitReportReporter -->
<testsuite hostname="Athira-PC" failures="0" tests="9" name="testing.Test_dataprovidera" time="93.959" errors="0" timestamp="2024-10-21T12:13:48 BST" skipped="0">
  <testcase classname="testing.Test_dataprovidera" name="login" time="9.467"/>
  <testcase classname="testing.Test_dataprovidera" name="login" time="8.346"/>
  <testcase classname="testing.Test_dataprovidera" name="login" time="14.415"/>
  <testcase classname="testing.Test_dataprovidera" name="login" time="10.833"/>
  <testcase classname="testing.Test_dataprovidera" name="login" time="12.853"/>
  <testcase classname="testing.Test_dataprovidera" name="login" time="11.113"/>
  <testcase classname="testing.Test_dataprovidera" name="login" time="8.380"/>
  <testcase classname="testing.Test_dataprovidera" name="login" time="8.148"/>
  <testcase classname="testing.Test_dataprovidera" name="login" time="10.404"/>
</testsuite> <!-- testing.Test_dataprovidera -->
