<?xml version="1.0" encoding="UTF-8"?>
<!-- Generated by org.testng.reporters.JUnitReportReporter -->
<testsuite hostname="Athira-PC" failures="0" tests="4" name="testing.groupingg" time="0.012" errors="0" timestamp="2024-10-21T12:32:26 BST" skipped="0">
  <testcase classname="testing.groupingg" name="apple2" time="0.002"/>
  <testcase classname="testing.groupingg" name="moto1" time="0.001"/>
  <testcase classname="testing.groupingg" name="moto2" time="0.001"/>
  <testcase classname="testing.groupingg" name="apple1" time="0.008"/>
</testsuite> <!-- testing.groupingg -->
