<?xml version="1.0" encoding="UTF-8"?>
<!-- Generated by org.testng.reporters.JUnitReportReporter -->
<testsuite hostname="Athira-PC" failures="0" tests="2" name="Datadriven.drivendata" time="0.890" errors="0" timestamp="2024-10-24T19:47:17 BST" skipped="0">
  <testcase classname="Datadriven.drivendata" name="readexcel" time="0.874"/>
  <testcase classname="Datadriven.drivendata" name="executeTest" time="0.016"/>
</testsuite> <!-- Datadriven.drivendata -->
